# JRE version: OpenJDK Runtime Environment (8.0_242-b01) (build 1.8.0_242-release-1644-b01)
# Java VM: OpenJDK 64-Bit Server VM (25.242-b01 mixed mode windows-amd64 compressed oops)
Heap:
 PSYoungGen      total 135680K, used 56294K [0x00000000edd80000, 0x00000000f8f80000, 0x0000000100000000)
  eden space 116224K, 31% used [0x00000000edd80000,0x00000000f01800b0,0x00000000f4f00000)
  from space 19456K, 99% used [0x00000000f6880000,0x00000000f7b79778,0x00000000f7b80000)
  to   space 26112K, 0% used [0x00000000f4f00000,0x00000000f4f00000,0x00000000f6880000)
 ParOldGen       total 73216K, used 36469K [0x00000000c9800000, 0x00000000cdf80000, 0x00000000edd80000)
  object space 73216K, 49% used [0x00000000c9800000,0x00000000cbb9d528,0x00000000cdf80000)
 Metaspace       used 56298K, capacity 57412K, committed 57600K, reserved 1099776K
  class space    used 7088K, capacity 7385K, committed 7424K, reserved 1048576K
GC Heap History (10 events):
Event: 5.099 GC heap before
{Heap before GC invocations=6 (full 1):
 PSYoungGen      total 61440K, used 59392K [0x00000000edd80000, 0x00000000f1b80000, 0x0000000100000000)
  eden space 59392K, 100% used [0x00000000edd80000,0x00000000f1780000,0x00000000f1780000)
  from space 2048K, 0% used [0x00000000f1980000,0x00000000f1980000,0x00000000f1b80000)
  to   space 2048K, 0% used [0x00000000f1780000,0x00000000f1780000,0x00000000f1980000)
 ParOldGen       total 40448K, used 9514K [0x00000000c9800000, 0x00000000cbf80000, 0x00000000edd80000)
  object space 40448K, 23% used [0x00000000c9800000,0x00000000ca14aa20,0x00000000cbf80000)
 Metaspace       used 28778K, capacity 29292K, committed 29568K, reserved 1075200K
  class space    used 3513K, capacity 3676K, committed 3712K, reserved 1048576K
Event: 5.115 GC heap after
Heap after GC invocations=6 (full 1):
 PSYoungGen      total 61440K, used 2018K [0x00000000edd80000, 0x00000000f4f80000, 0x0000000100000000)
  eden space 59392K, 0% used [0x00000000edd80000,0x00000000edd80000,0x00000000f1780000)
  from space 2048K, 98% used [0x00000000f1780000,0x00000000f1978918,0x00000000f1980000)
  to   space 15360K, 0% used [0x00000000f4080000,0x00000000f4080000,0x00000000f4f80000)
 ParOldGen       total 40448K, used 22323K [0x00000000c9800000, 0x00000000cbf80000, 0x00000000edd80000)
  object space 40448K, 55% used [0x00000000c9800000,0x00000000cadcce48,0x00000000cbf80000)
 Metaspace       used 28778K, capacity 29292K, committed 29568K, reserved 1075200K
  class space    used 3513K, capacity 3676K, committed 3712K, reserved 1048576K
}
Event: 5.845 GC heap before
{Heap before GC invocations=7 (full 1):
 PSYoungGen      total 61440K, used 33929K [0x00000000edd80000, 0x00000000f4f80000, 0x0000000100000000)
  eden space 59392K, 53% used [0x00000000edd80000,0x00000000efca9df0,0x00000000f1780000)
  from space 2048K, 98% used [0x00000000f1780000,0x00000000f1978918,0x00000000f1980000)
  to   space 15360K, 0% used [0x00000000f4080000,0x00000000f4080000,0x00000000f4f80000)
 ParOldGen       total 40448K, used 22323K [0x00000000c9800000, 0x00000000cbf80000, 0x00000000edd80000)
  object space 40448K, 55% used [0x00000000c9800000,0x00000000cadcce48,0x00000000cbf80000)
 Metaspace       used 34776K, capacity 35294K, committed 35456K, reserved 1079296K
  class space    used 4497K, capacity 4637K, committed 4736K, reserved 1048576K
Event: 5.859 GC heap after
Heap after GC invocations=7 (full 1):
 PSYoungGen      total 101888K, used 9733K [0x00000000edd80000, 0x00000000f5080000, 0x0000000100000000)
  eden space 86528K, 0% used [0x00000000edd80000,0x00000000edd80000,0x00000000f3200000)
  from space 15360K, 63% used [0x00000000f4080000,0x00000000f4a01558,0x00000000f4f80000)
  to   space 14848K, 0% used [0x00000000f3200000,0x00000000f3200000,0x00000000f4080000)
 ParOldGen       total 40448K, used 22384K [0x00000000c9800000, 0x00000000cbf80000, 0x00000000edd80000)
  object space 40448K, 55% used [0x00000000c9800000,0x00000000caddc2a8,0x00000000cbf80000)
 Metaspace       used 34776K, capacity 35294K, committed 35456K, reserved 1079296K
  class space    used 4497K, capacity 4637K, committed 4736K, reserved 1048576K
}
Event: 5.859 GC heap before
{Heap before GC invocations=8 (full 2):
 PSYoungGen      total 101888K, used 9733K [0x00000000edd80000, 0x00000000f5080000, 0x0000000100000000)
  eden space 86528K, 0% used [0x00000000edd80000,0x00000000edd80000,0x00000000f3200000)
  from space 15360K, 63% used [0x00000000f4080000,0x00000000f4a01558,0x00000000f4f80000)
  to   space 14848K, 0% used [0x00000000f3200000,0x00000000f3200000,0x00000000f4080000)
 ParOldGen       total 40448K, used 22384K [0x00000000c9800000, 0x00000000cbf80000, 0x00000000edd80000)
  object space 40448K, 55% used [0x00000000c9800000,0x00000000caddc2a8,0x00000000cbf80000)
 Metaspace       used 34776K, capacity 35294K, committed 35456K, reserved 1079296K
  class space    used 4497K, capacity 4637K, committed 4736K, reserved 1048576K
Event: 5.917 GC heap after
Heap after GC invocations=8 (full 2):
 PSYoungGen      total 101888K, used 0K [0x00000000edd80000, 0x00000000f5080000, 0x0000000100000000)
  eden space 86528K, 0% used [0x00000000edd80000,0x00000000edd80000,0x00000000f3200000)
  from space 15360K, 0% used [0x00000000f4080000,0x00000000f4080000,0x00000000f4f80000)
  to   space 14848K, 0% used [0x00000000f3200000,0x00000000f3200000,0x00000000f4080000)
 ParOldGen       total 73216K, used 24148K [0x00000000c9800000, 0x00000000cdf80000, 0x00000000edd80000)
  object space 73216K, 32% used [0x00000000c9800000,0x00000000caf95040,0x00000000cdf80000)
 Metaspace       used 34776K, capacity 35294K, committed 35456K, reserved 1079296K
  class space    used 4497K, capacity 4637K, committed 4736K, reserved 1048576K
}
Event: 8.503 GC heap before
{Heap before GC invocations=9 (full 2):
 PSYoungGen      total 101888K, used 86528K [0x00000000edd80000, 0x00000000f5080000, 0x0000000100000000)
  eden space 86528K, 100% used [0x00000000edd80000,0x00000000f3200000,0x00000000f3200000)
  from space 15360K, 0% used [0x00000000f4080000,0x00000000f4080000,0x00000000f4f80000)
  to   space 14848K, 0% used [0x00000000f3200000,0x00000000f3200000,0x00000000f4080000)
 ParOldGen       total 73216K, used 24148K [0x00000000c9800000, 0x00000000cdf80000, 0x00000000edd80000)
  object space 73216K, 32% used [0x00000000c9800000,0x00000000caf95040,0x00000000cdf80000)
 Metaspace       used 43258K, capacity 44006K, committed 44288K, reserved 1087488K
  class space    used 5431K, capacity 5632K, committed 5632K, reserved 1048576K
Event: 8.524 GC heap after
Heap after GC invocations=9 (full 2):
 PSYoungGen      total 101376K, used 14840K [0x00000000edd80000, 0x00000000f7b80000, 0x0000000100000000)
  eden space 86528K, 0% used [0x00000000edd80000,0x00000000edd80000,0x00000000f3200000)
  from space 14848K, 99% used [0x00000000f3200000,0x00000000f407e390,0x00000000f4080000)
  to   space 19456K, 0% used [0x00000000f6880000,0x00000000f6880000,0x00000000f7b80000)
 ParOldGen       total 73216K, used 27555K [0x00000000c9800000, 0x00000000cdf80000, 0x00000000edd80000)
  object space 73216K, 37% used [0x00000000c9800000,0x00000000cb2e8e78,0x00000000cdf80000)
 Metaspace       used 43258K, capacity 44006K, committed 44288K, reserved 1087488K
  class space    used 5431K, capacity 5632K, committed 5632K, reserved 1048576K
}
Event: 11.280 GC heap before
{Heap before GC invocations=10 (full 2):
 PSYoungGen      total 101376K, used 101368K [0x00000000edd80000, 0x00000000f7b80000, 0x0000000100000000)
  eden space 86528K, 100% used [0x00000000edd80000,0x00000000f3200000,0x00000000f3200000)
  from space 14848K, 99% used [0x00000000f3200000,0x00000000f407e390,0x00000000f4080000)
  to   space 19456K, 0% used [0x00000000f6880000,0x00000000f6880000,0x00000000f7b80000)
 ParOldGen       total 73216K, used 27555K [0x00000000c9800000, 0x00000000cdf80000, 0x00000000edd80000)
  object space 73216K, 37% used [0x00000000c9800000,0x00000000cb2e8e78,0x00000000cdf80000)
 Metaspace       used 53344K, capacity 54316K, committed 54528K, reserved 1097728K
  class space    used 6843K, capacity 7133K, committed 7168K, reserved 1048576K
Event: 11.369 GC heap after
Heap after GC invocations=10 (full 2):
 PSYoungGen      total 135680K, used 19429K [0x00000000edd80000, 0x00000000f8f80000, 0x0000000100000000)
  eden space 116224K, 0% used [0x00000000edd80000,0x00000000edd80000,0x00000000f4f00000)
  from space 19456K, 99% used [0x00000000f6880000,0x00000000f7b79778,0x00000000f7b80000)
  to   space 26112K, 0% used [0x00000000f4f00000,0x00000000f4f00000,0x00000000f6880000)
 ParOldGen       total 73216K, used 36469K [0x00000000c9800000, 0x00000000cdf80000, 0x00000000edd80000)
  object space 73216K, 49% used [0x00000000c9800000,0x00000000cbb9d528,0x00000000cdf80000)
 Metaspace       used 53344K, capacity 54316K, committed 54528K, reserved 1097728K
  class space    used 6843K, capacity 7133K, committed 7168K, reserved 1048576K
}

