# JRE version: OpenJDK Runtime Environment (8.0_242-b01) (build 1.8.0_242-release-1644-b01)
# Java VM: OpenJDK 64-Bit Server VM (25.242-b01 mixed mode windows-amd64 compressed oops)
Heap:
 PSYoungGen      total 353280K, used 68833K [0x00000000e0000000, 0x00000000fab00000, 0x0000000100000000)
  eden space 275456K, 24% used [0x00000000e0000000,0x00000000e43385c8,0x00000000f0d00000)
  from space 77824K, 0% used [0x00000000f5a80000,0x00000000f5a80000,0x00000000fa680000)
  to   space 79360K, 0% used [0x00000000f0d00000,0x00000000f0d00000,0x00000000f5a80000)
 ParOldGen       total 210432K, used 76593K [0x00000000a0000000, 0x00000000acd80000, 0x00000000e0000000)
  object space 210432K, 36% used [0x00000000a0000000,0x00000000a4acc558,0x00000000acd80000)
 Metaspace       used 112069K, capacity 116844K, committed 117400K, reserved 1150976K
  class space    used 14644K, capacity 15613K, committed 15784K, reserved 1048576K
GC Heap History (10 events):
Event: 36.399 GC heap before
{Heap before GC invocations=19 (full 4):
 PSYoungGen      total 224768K, used 204288K [0x00000000e0000000, 0x00000000f2700000, 0x0000000100000000)
  eden space 204288K, 100% used [0x00000000e0000000,0x00000000ec780000,0x00000000ec780000)
  from space 20480K, 0% used [0x00000000eed00000,0x00000000eed00000,0x00000000f0100000)
  to   space 38400K, 0% used [0x00000000ec780000,0x00000000ec780000,0x00000000eed00000)
 ParOldGen       total 183296K, used 87425K [0x00000000a0000000, 0x00000000ab300000, 0x00000000e0000000)
  object space 183296K, 47% used [0x00000000a0000000,0x00000000a5560778,0x00000000ab300000)
 Metaspace       used 81875K, capacity 84728K, committed 86040K, reserved 1124352K
  class space    used 10910K, capacity 11501K, committed 11816K, reserved 1048576K
Event: 36.823 GC heap after
Heap after GC invocations=19 (full 4):
 PSYoungGen      total 242688K, used 31404K [0x00000000e0000000, 0x00000000f4400000, 0x0000000100000000)
  eden space 204288K, 0% used [0x00000000e0000000,0x00000000e0000000,0x00000000ec780000)
  from space 38400K, 81% used [0x00000000ec780000,0x00000000ee62b248,0x00000000eed00000)
  to   space 42496K, 0% used [0x00000000f1a80000,0x00000000f1a80000,0x00000000f4400000)
 ParOldGen       total 183296K, used 87433K [0x00000000a0000000, 0x00000000ab300000, 0x00000000e0000000)
  object space 183296K, 47% used [0x00000000a0000000,0x00000000a5562778,0x00000000ab300000)
 Metaspace       used 81875K, capacity 84728K, committed 86040K, reserved 1124352K
  class space    used 10910K, capacity 11501K, committed 11816K, reserved 1048576K
}
Event: 198.480 GC heap before
{Heap before GC invocations=20 (full 4):
 PSYoungGen      total 242688K, used 235692K [0x00000000e0000000, 0x00000000f4400000, 0x0000000100000000)
  eden space 204288K, 100% used [0x00000000e0000000,0x00000000ec780000,0x00000000ec780000)
  from space 38400K, 81% used [0x00000000ec780000,0x00000000ee62b248,0x00000000eed00000)
  to   space 42496K, 0% used [0x00000000f1a80000,0x00000000f1a80000,0x00000000f4400000)
 ParOldGen       total 183296K, used 87433K [0x00000000a0000000, 0x00000000ab300000, 0x00000000e0000000)
  object space 183296K, 47% used [0x00000000a0000000,0x00000000a5562778,0x00000000ab300000)
 Metaspace       used 88439K, capacity 91544K, committed 92184K, reserved 1128448K
  class space    used 11489K, capacity 12145K, committed 12328K, reserved 1048576K
Event: 198.985 GC heap after
Heap after GC invocations=20 (full 4):
 PSYoungGen      total 282624K, used 41029K [0x00000000e0000000, 0x00000000f4a80000, 0x0000000100000000)
  eden space 240128K, 0% used [0x00000000e0000000,0x00000000e0000000,0x00000000eea80000)
  from space 42496K, 96% used [0x00000000f1a80000,0x00000000f42916d0,0x00000000f4400000)
  to   space 49152K, 0% used [0x00000000eea80000,0x00000000eea80000,0x00000000f1a80000)
 ParOldGen       total 183296K, used 87441K [0x00000000a0000000, 0x00000000ab300000, 0x00000000e0000000)
  object space 183296K, 47% used [0x00000000a0000000,0x00000000a5564778,0x00000000ab300000)
 Metaspace       used 88439K, capacity 91544K, committed 92184K, reserved 1128448K
  class space    used 11489K, capacity 12145K, committed 12328K, reserved 1048576K
}
Event: 234.293 GC heap before
{Heap before GC invocations=21 (full 4):
 PSYoungGen      total 282624K, used 281134K [0x00000000e0000000, 0x00000000f4a80000, 0x0000000100000000)
  eden space 240128K, 99% used [0x00000000e0000000,0x00000000eea7a170,0x00000000eea80000)
  from space 42496K, 96% used [0x00000000f1a80000,0x00000000f42916d0,0x00000000f4400000)
  to   space 49152K, 0% used [0x00000000eea80000,0x00000000eea80000,0x00000000f1a80000)
 ParOldGen       total 183296K, used 87441K [0x00000000a0000000, 0x00000000ab300000, 0x00000000e0000000)
  object space 183296K, 47% used [0x00000000a0000000,0x00000000a5564778,0x00000000ab300000)
 Metaspace       used 99596K, capacity 103200K, committed 103576K, reserved 1138688K
  class space    used 12911K, capacity 13627K, committed 13736K, reserved 1048576K
Event: 236.759 GC heap after
Heap after GC invocations=21 (full 4):
 PSYoungGen      total 289280K, used 49125K [0x00000000e0000000, 0x00000000fa680000, 0x0000000100000000)
  eden space 240128K, 0% used [0x00000000e0000000,0x00000000e0000000,0x00000000eea80000)
  from space 49152K, 99% used [0x00000000eea80000,0x00000000f1a797b8,0x00000000f1a80000)
  to   space 77824K, 0% used [0x00000000f5a80000,0x00000000f5a80000,0x00000000fa680000)
 ParOldGen       total 183296K, used 142370K [0x00000000a0000000, 0x00000000ab300000, 0x00000000e0000000)
  object space 183296K, 77% used [0x00000000a0000000,0x00000000a8b08b10,0x00000000ab300000)
 Metaspace       used 99596K, capacity 103200K, committed 103576K, reserved 1138688K
  class space    used 12911K, capacity 13627K, committed 13736K, reserved 1048576K
}
Event: 260.937 GC heap before
{Heap before GC invocations=22 (full 4):
 PSYoungGen      total 289280K, used 289253K [0x00000000e0000000, 0x00000000fa680000, 0x0000000100000000)
  eden space 240128K, 100% used [0x00000000e0000000,0x00000000eea80000,0x00000000eea80000)
  from space 49152K, 99% used [0x00000000eea80000,0x00000000f1a797b8,0x00000000f1a80000)
  to   space 77824K, 0% used [0x00000000f5a80000,0x00000000f5a80000,0x00000000fa680000)
 ParOldGen       total 183296K, used 142370K [0x00000000a0000000, 0x00000000ab300000, 0x00000000e0000000)
  object space 183296K, 77% used [0x00000000a0000000,0x00000000a8b08b10,0x00000000ab300000)
 Metaspace       used 109086K, capacity 114034K, committed 114328K, reserved 1148928K
  class space    used 14268K, capacity 15214K, committed 15272K, reserved 1048576K
Event: 261.930 GC heap after
Heap after GC invocations=22 (full 4):
 PSYoungGen      total 353280K, used 44047K [0x00000000e0000000, 0x00000000fab00000, 0x0000000100000000)
  eden space 275456K, 0% used [0x00000000e0000000,0x00000000e0000000,0x00000000f0d00000)
  from space 77824K, 56% used [0x00000000f5a80000,0x00000000f8583cb8,0x00000000fa680000)
  to   space 79360K, 0% used [0x00000000f0d00000,0x00000000f0d00000,0x00000000f5a80000)
 ParOldGen       total 183296K, used 168335K [0x00000000a0000000, 0x00000000ab300000, 0x00000000e0000000)
  object space 183296K, 91% used [0x00000000a0000000,0x00000000aa463cb8,0x00000000ab300000)
 Metaspace       used 109086K, capacity 114034K, committed 114328K, reserved 1148928K
  class space    used 14268K, capacity 15214K, committed 15272K, reserved 1048576K
}
Event: 261.932 GC heap before
{Heap before GC invocations=23 (full 5):
 PSYoungGen      total 353280K, used 44047K [0x00000000e0000000, 0x00000000fab00000, 0x0000000100000000)
  eden space 275456K, 0% used [0x00000000e0000000,0x00000000e0000000,0x00000000f0d00000)
  from space 77824K, 56% used [0x00000000f5a80000,0x00000000f8583cb8,0x00000000fa680000)
  to   space 79360K, 0% used [0x00000000f0d00000,0x00000000f0d00000,0x00000000f5a80000)
 ParOldGen       total 183296K, used 168335K [0x00000000a0000000, 0x00000000ab300000, 0x00000000e0000000)
  object space 183296K, 91% used [0x00000000a0000000,0x00000000aa463cb8,0x00000000ab300000)
 Metaspace       used 109086K, capacity 114034K, committed 114328K, reserved 1148928K
  class space    used 14268K, capacity 15214K, committed 15272K, reserved 1048576K
Event: 279.523 GC heap after
Heap after GC invocations=23 (full 5):
 PSYoungGen      total 353280K, used 0K [0x00000000e0000000, 0x00000000fab00000, 0x0000000100000000)
  eden space 275456K, 0% used [0x00000000e0000000,0x00000000e0000000,0x00000000f0d00000)
  from space 77824K, 0% used [0x00000000f5a80000,0x00000000f5a80000,0x00000000fa680000)
  to   space 79360K, 0% used [0x00000000f0d00000,0x00000000f0d00000,0x00000000f5a80000)
 ParOldGen       total 210432K, used 76593K [0x00000000a0000000, 0x00000000acd80000, 0x00000000e0000000)
  object space 210432K, 36% used [0x00000000a0000000,0x00000000a4acc558,0x00000000acd80000)
 Metaspace       used 108610K, capacity 112720K, committed 114328K, reserved 1148928K
  class space    used 14105K, capacity 14927K, committed 15272K, reserved 1048576K
}

